<?xml version="1.0" encoding="utf-8"?><testsuites name="pytest tests"><testsuite name="pytest" errors="0" failures="0" skipped="0" tests="25" time="31.036" timestamp="2026-02-20T07:12:43.480604+00:00" hostname="agent-env-6e5a86ed-0f10-47fc-87ec-554a0425b5f8"><testcase classname="backend.tests.test_auth_and_chat.TestHealthAndBasicEndpoints" name="test_api_root" time="3.661" /><testcase classname="backend.tests.test_auth_and_chat.TestHealthAndBasicEndpoints" name="test_profile_options" time="0.106" /><testcase classname="backend.tests.test_auth_and_chat.TestHealthAndBasicEndpoints" name="test_policies_endpoint" time="0.112" /><testcase classname="backend.tests.test_auth_and_chat.TestSignupFlow" name="test_signup_new_user" time="0.390" /><testcase classname="backend.tests.test_auth_and_chat.TestSignupFlow" name="test_signup_duplicate_email" time="0.125" /><testcase classname="backend.tests.test_auth_and_chat.TestLoginFlow" name="test_login_valid_credentials" time="0.406" /><testcase classname="backend.tests.test_auth_and_chat.TestLoginFlow" name="test_login_invalid_password" time="0.399" /><testcase classname="backend.tests.test_auth_and_chat.TestLoginFlow" name="test_login_nonexistent_user" time="0.162" /><testcase classname="backend.tests.test_auth_and_chat.TestBearerTokenAuth" name="test_auth_me_with_bearer_token" time="0.109" /><testcase classname="backend.tests.test_auth_and_chat.TestBearerTokenAuth" name="test_auth_me_without_token" time="0.108" /><testcase classname="backend.tests.test_auth_and_chat.TestBearerTokenAuth" name="test_auth_me_with_invalid_token" time="0.140" /><testcase classname="backend.tests.test_auth_and_chat.TestProfileManagement" name="test_get_profile_before_completion" time="0.176" /><testcase classname="backend.tests.test_auth_and_chat.TestProfileManagement" name="test_update_profile" time="0.134" /><testcase classname="backend.tests.test_auth_and_chat.TestProfileManagement" name="test_get_profile_after_completion" time="0.134" /><testcase classname="backend.tests.test_auth_and_chat.TestStudentIntelligence" name="test_get_intelligence" time="0.109" /><testcase classname="backend.tests.test_auth_and_chat.TestChatFunctionality" name="test_get_chats_empty" time="0.113" /><testcase classname="backend.tests.test_auth_and_chat.TestChatFunctionality" name="test_send_message_new_chat" time="12.000" /><testcase classname="backend.tests.test_auth_and_chat.TestChatFunctionality" name="test_get_chat_session" time="0.162" /><testcase classname="backend.tests.test_auth_and_chat.TestChatFunctionality" name="test_send_followup_message" time="11.257" /><testcase classname="backend.tests.test_auth_and_chat.TestChatFunctionality" name="test_delete_chat_session" time="0.289" /><testcase classname="backend.tests.test_auth_and_chat.TestLogout" name="test_logout" time="0.153" /><testcase classname="backend.tests.test_auth_and_chat.TestProtectedRoutes" name="test_profile_requires_auth" time="0.140" /><testcase classname="backend.tests.test_auth_and_chat.TestProtectedRoutes" name="test_chats_requires_auth" time="0.122" /><testcase classname="backend.tests.test_auth_and_chat.TestProtectedRoutes" name="test_chat_send_requires_auth" time="0.127" /><testcase classname="backend.tests.test_auth_and_chat.TestProtectedRoutes" name="test_intelligence_requires_auth" time="0.109" /></testsuite></testsuites>